<?xml version="1.0" encoding="UTF-8"?>
<testsuite name="com.jhooq.Jhooqk8s.JhooqK8sApplicationTests" tests="1" skipped="0" failures="0" errors="0" timestamp="2023-09-22T23:06:55" hostname="LAPTOP-DJVIDMSN" time="3.372">
  <properties/>
  <testcase name="contextLoads()" classname="com.jhooq.Jhooqk8s.JhooqK8sApplicationTests" time="3.372"/>
  <system-out><![CDATA[04:36:38.891 [Test worker] DEBUG org.springframework.test.context.BootstrapUtils - Instantiating CacheAwareContextLoaderDelegate from class [org.springframework.test.context.cache.DefaultCacheAwareContextLoaderDelegate]
04:36:39.003 [Test worker] DEBUG org.springframework.test.context.BootstrapUtils - Instantiating BootstrapContext using constructor [public org.springframework.test.context.support.DefaultBootstrapContext(java.lang.Class,org.springframework.test.context.CacheAwareContextLoaderDelegate)]
04:36:39.195 [Test worker] DEBUG org.springframework.test.context.BootstrapUtils - Instantiating TestContextBootstrapper for test class [com.jhooq.Jhooqk8s.JhooqK8sApplicationTests] from class [org.springframework.boot.test.context.SpringBootTestContextBootstrapper]
04:36:39.350 [Test worker] INFO org.springframework.boot.test.context.SpringBootTestContextBootstrapper - Neither @ContextConfiguration nor @ContextHierarchy found for test class [com.jhooq.Jhooqk8s.JhooqK8sApplicationTests], using SpringBootContextLoader
04:36:39.389 [Test worker] DEBUG org.springframework.test.context.support.AbstractContextLoader - Did not detect default resource location for test class [com.jhooq.Jhooqk8s.JhooqK8sApplicationTests]: class path resource [com/jhooq/Jhooqk8s/JhooqK8sApplicationTests-context.xml] does not exist
04:36:39.396 [Test worker] DEBUG org.springframework.test.context.support.AbstractContextLoader - Did not detect default resource location for test class [com.jhooq.Jhooqk8s.JhooqK8sApplicationTests]: class path resource [com/jhooq/Jhooqk8s/JhooqK8sApplicationTestsContext.groovy] does not exist
04:36:39.396 [Test worker] INFO org.springframework.test.context.support.AbstractContextLoader - Could not detect default resource locations for test class [com.jhooq.Jhooqk8s.JhooqK8sApplicationTests]: no resource found for suffixes {-context.xml, Context.groovy}.
04:36:39.401 [Test worker] INFO org.springframework.test.context.support.AnnotationConfigContextLoaderUtils - Could not detect default configuration classes for test class [com.jhooq.Jhooqk8s.JhooqK8sApplicationTests]: JhooqK8sApplicationTests does not declare any static, non-private, non-final, nested classes annotated with @Configuration.
04:36:39.813 [Test worker] DEBUG org.springframework.test.context.support.ActiveProfilesUtils - Could not find an 'annotation declaring class' for annotation type [org.springframework.test.context.ActiveProfiles] and class [com.jhooq.Jhooqk8s.JhooqK8sApplicationTests]
04:36:40.350 [Test worker] DEBUG org.springframework.context.annotation.ClassPathScanningCandidateComponentProvider - Identified candidate component class: file [/mnt/c/Users/nagud/Desktop/EKS-Demo/build/classes/java/main/com/jhooq/Jhooqk8s/JhooqDockerDemo.class]
04:36:40.361 [Test worker] INFO org.springframework.boot.test.context.SpringBootTestContextBootstrapper - Found @SpringBootConfiguration com.jhooq.Jhooqk8s.JhooqDockerDemo for test class com.jhooq.Jhooqk8s.JhooqK8sApplicationTests
04:36:41.688 [Test worker] DEBUG org.springframework.boot.test.context.SpringBootTestContextBootstrapper - @TestExecutionListeners is not present for class [com.jhooq.Jhooqk8s.JhooqK8sApplicationTests]: using defaults.
04:36:41.690 [Test worker] INFO org.springframework.boot.test.context.SpringBootTestContextBootstrapper - Loaded default TestExecutionListener class names from location [META-INF/spring.factories]: [org.springframework.boot.test.autoconfigure.restdocs.RestDocsTestExecutionListener, org.springframework.boot.test.autoconfigure.web.client.MockRestServiceServerResetTestExecutionListener, org.springframework.boot.test.autoconfigure.web.servlet.MockMvcPrintOnlyOnFailureTestExecutionListener, org.springframework.boot.test.autoconfigure.web.servlet.WebDriverTestExecutionListener, org.springframework.boot.test.mock.mockito.MockitoTestExecutionListener, org.springframework.boot.test.mock.mockito.ResetMocksTestExecutionListener, org.springframework.test.context.web.ServletTestExecutionListener, org.springframework.test.context.support.DirtiesContextBeforeModesTestExecutionListener, org.springframework.test.context.support.DependencyInjectionTestExecutionListener, org.springframework.test.context.support.DirtiesContextTestExecutionListener, org.springframework.test.context.transaction.TransactionalTestExecutionListener, org.springframework.test.context.jdbc.SqlScriptsTestExecutionListener, org.springframework.test.context.event.EventPublishingTestExecutionListener]
04:36:41.828 [Test worker] DEBUG org.springframework.boot.test.context.SpringBootTestContextBootstrapper - Skipping candidate TestExecutionListener [org.springframework.test.context.transaction.TransactionalTestExecutionListener] due to a missing dependency. Specify custom listener classes or make the default listener classes and their required dependencies available. Offending class: [org/springframework/transaction/interceptor/TransactionAttributeSource]
04:36:41.831 [Test worker] DEBUG org.springframework.boot.test.context.SpringBootTestContextBootstrapper - Skipping candidate TestExecutionListener [org.springframework.test.context.jdbc.SqlScriptsTestExecutionListener] due to a missing dependency. Specify custom listener classes or make the default listener classes and their required dependencies available. Offending class: [org/springframework/transaction/interceptor/TransactionAttribute]
04:36:41.831 [Test worker] INFO org.springframework.boot.test.context.SpringBootTestContextBootstrapper - Using TestExecutionListeners: [org.springframework.test.context.web.ServletTestExecutionListener@73ced2b, org.springframework.test.context.support.DirtiesContextBeforeModesTestExecutionListener@8a155f1, org.springframework.boot.test.mock.mockito.MockitoTestExecutionListener@5d7a25e5, org.springframework.boot.test.autoconfigure.SpringBootDependencyInjectionTestExecutionListener@4a6ecd4, org.springframework.test.context.support.DirtiesContextTestExecutionListener@64130cde, org.springframework.test.context.event.EventPublishingTestExecutionListener@669fc370, org.springframework.boot.test.autoconfigure.restdocs.RestDocsTestExecutionListener@6a46974b, org.springframework.boot.test.autoconfigure.web.client.MockRestServiceServerResetTestExecutionListener@59b5069b, org.springframework.boot.test.autoconfigure.web.servlet.MockMvcPrintOnlyOnFailureTestExecutionListener@25bc948f, org.springframework.boot.test.autoconfigure.web.servlet.WebDriverTestExecutionListener@3da0470b, org.springframework.boot.test.mock.mockito.ResetMocksTestExecutionListener@6382733b]
04:36:41.871 [Test worker] DEBUG org.springframework.test.context.support.AbstractDirtiesContextTestExecutionListener - Before test class: context [DefaultTestContext@54023876 testClass = JhooqK8sApplicationTests, testInstance = [null], testMethod = [null], testException = [null], mergedContextConfiguration = [WebMergedContextConfiguration@793b191a testClass = JhooqK8sApplicationTests, locations = '{}', classes = '{class com.jhooq.Jhooqk8s.JhooqDockerDemo}', contextInitializerClasses = '[]', activeProfiles = '{}', propertySourceLocations = '{}', propertySourceProperties = '{org.springframework.boot.test.context.SpringBootTestContextBootstrapper=true}', contextCustomizers = set[org.springframework.boot.test.autoconfigure.properties.PropertyMappingContextCustomizer@0, org.springframework.boot.test.autoconfigure.web.servlet.WebDriverContextCustomizerFactory$Customizer@27a8bb3a, org.springframework.boot.test.context.filter.ExcludeFilterContextCustomizer@1fcdf3f4, org.springframework.boot.test.json.DuplicateJsonObjectContextCustomizerFactory$DuplicateJsonObjectContextCustomizer@42bdd4be, org.springframework.boot.test.mock.mockito.MockitoContextCustomizer@0, org.springframework.boot.test.web.client.TestRestTemplateContextCustomizer@5b88686d, org.springframework.boot.test.context.SpringBootTestArgs@1], resourceBasePath = 'src/main/webapp', contextLoader = 'org.springframework.boot.test.context.SpringBootContextLoader', parent = [null]], attributes = map['org.springframework.test.context.web.ServletTestExecutionListener.activateListener' -> true]], class annotated with @DirtiesContext [false] with mode [null].
04:36:42.099 [Test worker] DEBUG org.springframework.test.context.support.TestPropertySourceUtils - Adding inlined properties to environment: {spring.jmx.enabled=false, org.springframework.boot.test.context.SpringBootTestContextBootstrapper=true, server.port=-1}

  .   ____          _            __ _ _
 /\\ / ___'_ __ _ _(_)_ __  __ _ \ \ \ \
( ( )\___ | '_ | '_| | '_ \/ _` | \ \ \ \
 \\/  ___)| |_)| | | | | || (_| |  ) ) ) )
  '  |____| .__|_| |_|_| |_\__, | / / / /
 =========|_|==============|___/=/_/_/_/
 :: Spring Boot ::        (v2.2.7.RELEASE)

2023-09-23 04:36:43.616  INFO 2763 --- [    Test worker] c.j.Jhooqk8s.JhooqK8sApplicationTests    : Starting JhooqK8sApplicationTests on LAPTOP-DJVIDMSN with PID 2763 (started by rajubharati in /mnt/c/Users/nagud/Desktop/EKS-Demo)
2023-09-23 04:36:43.623  INFO 2763 --- [    Test worker] c.j.Jhooqk8s.JhooqK8sApplicationTests    : No active profile set, falling back to default profiles: default
2023-09-23 04:36:51.958  INFO 2763 --- [    Test worker] o.s.s.concurrent.ThreadPoolTaskExecutor  : Initializing ExecutorService 'applicationTaskExecutor'
2023-09-23 04:36:55.079  INFO 2763 --- [    Test worker] c.j.Jhooqk8s.JhooqK8sApplicationTests    : Started JhooqK8sApplicationTests in 12.907 seconds (JVM running for 18.247)
]]></system-out>
  <system-err><![CDATA[]]></system-err>
</testsuite>
